<?xml version="1.0" encoding="UTF-8"?>
<!-- Generated by org.testng.reporters.JUnitReportReporter -->
<testsuite hostname="NileshZ-LPT-291" name="com.cucumber.framework.runner.addUserDetails.UserdetailsRunner" tests="1" failures="0" timestamp="12 Feb 2019 16:10:24 GMT" time="19.016" errors="0">
  <testcase name="feature" time="19.016" classname="com.cucumber.framework.runner.addUserDetails.UserdetailsRunner"/>
</testsuite> <!-- com.cucumber.framework.runner.addUserDetails.UserdetailsRunner -->
